<?xml version="1.0" encoding="UTF-8"?>
<!-- Generated by org.testng.reporters.JUnitReportReporter -->
<testsuite skipped="0" hostname="Yesh" name="com.api.getrequest.ParamFromResToReqAdvVersion" tests="1" failures="0" timestamp="2019-10-20T22:03:45 PDT" time="2.934" errors="0">
  <testcase name="passingParamToReq" time="2.934" classname="com.api.getrequest.ParamFromResToReqAdvVersion"/>
</testsuite> <!-- com.api.getrequest.ParamFromResToReqAdvVersion -->
