<?xml version="1.0" encoding="UTF-8"?>
<!-- Generated by org.testng.reporters.JUnitReportReporter -->
<testsuite skipped="0" hostname="Yesh" name="com.api.getrequest.SampleGetReq" tests="1" failures="0" timestamp="2021-08-01T11:53:19 PDT" time="1.724" errors="0">
  <testcase name="sampleGetResponseBody" time="1.724" classname="com.api.getrequest.SampleGetReq"/>
</testsuite> <!-- com.api.getrequest.SampleGetReq -->
