<?xml version="1.0" encoding="UTF-8"?>
<!-- Generated by org.testng.reporters.JUnitReportReporter -->
<testsuite skipped="0" hostname="Yesh" name="com.api.getrequest.SamplePostRequest" tests="1" failures="0" timestamp="2019-10-20T16:32:24 PDT" time="2.235" errors="0">
  <testcase name="postData" time="2.235" classname="com.api.getrequest.SamplePostRequest"/>
</testsuite> <!-- com.api.getrequest.SamplePostRequest -->
