<?xml version="1.0" encoding="UTF-8"?>
<!-- Generated by org.testng.reporters.JUnitReportReporter -->
<testsuite skipped="0" hostname="Yesh" name="com.api.getrequest.PassingXmlInput" tests="1" failures="0" timestamp="2019-10-22T21:47:56 PDT" time="2.936" errors="0">
  <testcase name="passingParamToReq" time="2.936" classname="com.api.getrequest.PassingXmlInput"/>
</testsuite> <!-- com.api.getrequest.PassingXmlInput -->
