<?xml version="1.0" encoding="UTF-8"?>
<!-- Generated by org.testng.reporters.JUnitReportReporter -->
<testsuite skipped="0" hostname="Yesh" name="com.api.getrequest.PassingParamFromResToReq" tests="1" failures="0" timestamp="2019-10-20T17:11:42 PDT" time="2.990" errors="0">
  <testcase name="passingParamToReq" time="2.990" classname="com.api.getrequest.PassingParamFromResToReq"/>
</testsuite> <!-- com.api.getrequest.PassingParamFromResToReq -->
